Compiled jquery.js  (2ms)  (pid 7949)
Compiled jquery_ujs.js  (0ms)  (pid 7949)
Compiled jquery-ui.js  (13ms)  (pid 7949)
Compiled jquery_nested_form.js  (0ms)  (pid 7949)
Compiled bootstrap-transition.js  (0ms)  (pid 7949)
Compiled bootstrap-affix.js  (0ms)  (pid 7949)
Compiled bootstrap-alert.js  (0ms)  (pid 7949)
Compiled bootstrap-button.js  (0ms)  (pid 7949)
Compiled bootstrap-carousel.js  (0ms)  (pid 7949)
Compiled bootstrap-collapse.js  (0ms)  (pid 7949)
Compiled bootstrap-dropdown.js  (0ms)  (pid 7949)
Compiled bootstrap-modal.js  (0ms)  (pid 7949)
Compiled bootstrap-scrollspy.js  (0ms)  (pid 7949)
Compiled bootstrap-tab.js  (0ms)  (pid 7949)
Compiled bootstrap-tooltip.js  (0ms)  (pid 7949)
Compiled bootstrap-popover.js  (0ms)  (pid 7949)
Compiled bootstrap-typeahead.js  (0ms)  (pid 7949)
Compiled bootstrap.js  (158ms)  (pid 7949)
Compiled highcharts.js  (4ms)  (pid 7949)
Compiled active_admin/lib/namespace.js  (444ms)  (pid 7949)
Compiled active_admin/components/jquery.aa.checkbox-toggler.js  (97ms)  (pid 7949)
Compiled active_admin/components/jquery.aa.dropdown-menu.js  (106ms)  (pid 7949)
Compiled active_admin/components/jquery.aa.popover.js  (101ms)  (pid 7949)
Compiled active_admin/components/jquery.aa.table-checkbox-toggler.js  (79ms)  (pid 7949)
Compiled active_admin/pages/application.js  (100ms)  (pid 7949)
Compiled active_admin/pages/batch_actions.js  (71ms)  (pid 7949)
Compiled active_admin/application.js  (1164ms)  (pid 7949)
Compiled active_admin/base.js  (1200ms)  (pid 7949)
Compiled active_admin.js  (1346ms)  (pid 7949)
Compiled application.js  (1716ms)  (pid 7949)
Compiled active_admin.css  (2716ms)  (pid 7949)
Compiled bootstrap_and_override.css  (3389ms)  (pid 7949)
Compiled application.css  (6210ms)  (pid 7949)
Compiled jquery.js  (2ms)  (pid 7949)
Compiled jquery_ujs.js  (0ms)  (pid 7949)
Compiled jquery-ui.js  (13ms)  (pid 7949)
Compiled jquery_nested_form.js  (0ms)  (pid 7949)
Compiled bootstrap-transition.js  (0ms)  (pid 7949)
Compiled bootstrap-affix.js  (0ms)  (pid 7949)
Compiled bootstrap-alert.js  (0ms)  (pid 7949)
Compiled bootstrap-button.js  (0ms)  (pid 7949)
Compiled bootstrap-carousel.js  (0ms)  (pid 7949)
Compiled bootstrap-collapse.js  (0ms)  (pid 7949)
Compiled bootstrap-dropdown.js  (0ms)  (pid 7949)
Compiled bootstrap-modal.js  (0ms)  (pid 7949)
Compiled bootstrap-scrollspy.js  (0ms)  (pid 7949)
Compiled bootstrap-tab.js  (0ms)  (pid 7949)
Compiled bootstrap-tooltip.js  (0ms)  (pid 7949)
Compiled bootstrap-popover.js  (0ms)  (pid 7949)
Compiled bootstrap-typeahead.js  (0ms)  (pid 7949)
Compiled bootstrap.js  (138ms)  (pid 7949)
Compiled highcharts.js  (3ms)  (pid 7949)
Compiled active_admin/lib/namespace.js  (137ms)  (pid 7949)
Compiled active_admin/components/jquery.aa.checkbox-toggler.js  (95ms)  (pid 7949)
Compiled active_admin/components/jquery.aa.dropdown-menu.js  (103ms)  (pid 7949)
Compiled active_admin/components/jquery.aa.popover.js  (179ms)  (pid 7949)
Compiled active_admin/components/jquery.aa.table-checkbox-toggler.js  (87ms)  (pid 7949)
Compiled active_admin/pages/application.js  (69ms)  (pid 7949)
Compiled active_admin/pages/batch_actions.js  (111ms)  (pid 7949)
Compiled active_admin/application.js  (857ms)  (pid 7949)
Compiled active_admin/base.js  (873ms)  (pid 7949)
Compiled active_admin.js  (884ms)  (pid 7949)
Compiled application.js  (1168ms)  (pid 7949)
Compiled active_admin.css  (2226ms)  (pid 7949)
Compiled bootstrap_and_override.css  (3483ms)  (pid 7949)
Compiled application.css  (5746ms)  (pid 7949)
Compiled jquery.js  (2ms)  (pid 9110)
Compiled jquery_ujs.js  (0ms)  (pid 9110)
Compiled jquery-ui.js  (14ms)  (pid 9110)
Compiled jquery_nested_form.js  (0ms)  (pid 9110)
Compiled bootstrap-transition.js  (0ms)  (pid 9110)
Compiled bootstrap-affix.js  (0ms)  (pid 9110)
Compiled bootstrap-alert.js  (0ms)  (pid 9110)
Compiled bootstrap-button.js  (0ms)  (pid 9110)
Compiled bootstrap-carousel.js  (0ms)  (pid 9110)
Compiled bootstrap-collapse.js  (0ms)  (pid 9110)
Compiled bootstrap-dropdown.js  (0ms)  (pid 9110)
Compiled bootstrap-modal.js  (0ms)  (pid 9110)
Compiled bootstrap-scrollspy.js  (0ms)  (pid 9110)
Compiled bootstrap-tab.js  (0ms)  (pid 9110)
Compiled bootstrap-tooltip.js  (0ms)  (pid 9110)
Compiled bootstrap-popover.js  (0ms)  (pid 9110)
Compiled bootstrap-typeahead.js  (0ms)  (pid 9110)
Compiled bootstrap.js  (145ms)  (pid 9110)
Compiled highcharts.js  (4ms)  (pid 9110)
Compiled active_admin/lib/namespace.js  (266ms)  (pid 9110)
Compiled active_admin/components/jquery.aa.checkbox-toggler.js  (94ms)  (pid 9110)
Compiled active_admin/components/jquery.aa.dropdown-menu.js  (140ms)  (pid 9110)
Compiled active_admin/components/jquery.aa.popover.js  (102ms)  (pid 9110)
Compiled active_admin/components/jquery.aa.table-checkbox-toggler.js  (80ms)  (pid 9110)
Compiled active_admin/pages/application.js  (104ms)  (pid 9110)
Compiled active_admin/pages/batch_actions.js  (75ms)  (pid 9110)
Compiled active_admin/application.js  (964ms)  (pid 9110)
Compiled active_admin/base.js  (980ms)  (pid 9110)
Compiled active_admin.js  (990ms)  (pid 9110)
Compiled application.js  (1261ms)  (pid 9110)
Compiled active_admin.css  (2618ms)  (pid 9110)
Compiled bootstrap_and_override.css  (3537ms)  (pid 9110)
Compiled application.css  (6250ms)  (pid 9110)
Compiled jquery.js  (33ms)  (pid 9110)
Compiled jquery_ujs.js  (0ms)  (pid 9110)
Compiled jquery-ui.js  (14ms)  (pid 9110)
Compiled jquery_nested_form.js  (0ms)  (pid 9110)
Compiled bootstrap-transition.js  (0ms)  (pid 9110)
Compiled bootstrap-affix.js  (0ms)  (pid 9110)
Compiled bootstrap-alert.js  (0ms)  (pid 9110)
Compiled bootstrap-button.js  (0ms)  (pid 9110)
Compiled bootstrap-carousel.js  (0ms)  (pid 9110)
Compiled bootstrap-collapse.js  (0ms)  (pid 9110)
Compiled bootstrap-dropdown.js  (0ms)  (pid 9110)
Compiled bootstrap-modal.js  (0ms)  (pid 9110)
Compiled bootstrap-scrollspy.js  (0ms)  (pid 9110)
Compiled bootstrap-tab.js  (0ms)  (pid 9110)
Compiled bootstrap-tooltip.js  (0ms)  (pid 9110)
Compiled bootstrap-popover.js  (0ms)  (pid 9110)
Compiled bootstrap-typeahead.js  (0ms)  (pid 9110)
Compiled bootstrap.js  (147ms)  (pid 9110)
Compiled highcharts.js  (4ms)  (pid 9110)
Compiled active_admin/lib/namespace.js  (149ms)  (pid 9110)
Compiled active_admin/components/jquery.aa.checkbox-toggler.js  (91ms)  (pid 9110)
Compiled active_admin/components/jquery.aa.dropdown-menu.js  (105ms)  (pid 9110)
Compiled active_admin/components/jquery.aa.popover.js  (139ms)  (pid 9110)
Compiled active_admin/components/jquery.aa.table-checkbox-toggler.js  (77ms)  (pid 9110)
Compiled active_admin/pages/application.js  (69ms)  (pid 9110)
Compiled active_admin/pages/batch_actions.js  (109ms)  (pid 9110)
Compiled active_admin/application.js  (814ms)  (pid 9110)
Compiled active_admin/base.js  (831ms)  (pid 9110)
Compiled active_admin.js  (841ms)  (pid 9110)
Compiled application.js  (1131ms)  (pid 9110)
Compiled active_admin.css  (2469ms)  (pid 9110)
Compiled bootstrap_and_override.css  (3545ms)  (pid 9110)
Compiled application.css  (6053ms)  (pid 9110)
Compiled jquery.js  (33ms)  (pid 9611)
Compiled jquery_ujs.js  (0ms)  (pid 9611)
Compiled jquery-ui.js  (14ms)  (pid 9611)
Compiled bootstrap-transition.js  (0ms)  (pid 9611)
Compiled bootstrap-affix.js  (0ms)  (pid 9611)
Compiled bootstrap-alert.js  (0ms)  (pid 9611)
Compiled bootstrap-button.js  (0ms)  (pid 9611)
Compiled bootstrap-carousel.js  (0ms)  (pid 9611)
Compiled bootstrap-collapse.js  (0ms)  (pid 9611)
Compiled bootstrap-dropdown.js  (2ms)  (pid 9611)
Compiled bootstrap-modal.js  (0ms)  (pid 9611)
Compiled bootstrap-scrollspy.js  (0ms)  (pid 9611)
Compiled bootstrap-tab.js  (0ms)  (pid 9611)
Compiled bootstrap-tooltip.js  (0ms)  (pid 9611)
Compiled bootstrap-popover.js  (0ms)  (pid 9611)
Compiled bootstrap-typeahead.js  (0ms)  (pid 9611)
Compiled bootstrap.js  (187ms)  (pid 9611)
Compiled jquery_nested_form.js  (0ms)  (pid 9611)
Compiled highcharts.js  (5ms)  (pid 9611)
Compiled active_admin/lib/namespace.js  (187ms)  (pid 9611)
Compiled active_admin/components/jquery.aa.checkbox-toggler.js  (111ms)  (pid 9611)
Compiled active_admin/components/jquery.aa.dropdown-menu.js  (116ms)  (pid 9611)
Compiled active_admin/components/jquery.aa.popover.js  (146ms)  (pid 9611)
Compiled active_admin/components/jquery.aa.table-checkbox-toggler.js  (125ms)  (pid 9611)
Compiled active_admin/pages/application.js  (73ms)  (pid 9611)
Compiled active_admin/pages/batch_actions.js  (82ms)  (pid 9611)
Compiled active_admin/application.js  (958ms)  (pid 9611)
Compiled active_admin/base.js  (978ms)  (pid 9611)
Compiled active_admin.js  (991ms)  (pid 9611)
Compiled application.js  (1340ms)  (pid 9611)
Compiled active_admin.css  (3788ms)  (pid 9611)
Compiled bootstrap_and_override.css  (3652ms)  (pid 9611)
Compiled application.css  (7573ms)  (pid 9611)
Compiled jquery.js  (32ms)  (pid 9611)
Compiled jquery_ujs.js  (0ms)  (pid 9611)
Compiled jquery-ui.js  (14ms)  (pid 9611)
Compiled bootstrap-transition.js  (0ms)  (pid 9611)
Compiled bootstrap-affix.js  (0ms)  (pid 9611)
Compiled bootstrap-alert.js  (0ms)  (pid 9611)
Compiled bootstrap-button.js  (0ms)  (pid 9611)
Compiled bootstrap-carousel.js  (0ms)  (pid 9611)
Compiled bootstrap-collapse.js  (0ms)  (pid 9611)
Compiled bootstrap-dropdown.js  (0ms)  (pid 9611)
Compiled bootstrap-modal.js  (0ms)  (pid 9611)
Compiled bootstrap-scrollspy.js  (0ms)  (pid 9611)
Compiled bootstrap-tab.js  (0ms)  (pid 9611)
Compiled bootstrap-tooltip.js  (0ms)  (pid 9611)
Compiled bootstrap-popover.js  (0ms)  (pid 9611)
Compiled bootstrap-typeahead.js  (0ms)  (pid 9611)
Compiled bootstrap.js  (141ms)  (pid 9611)
Compiled jquery_nested_form.js  (0ms)  (pid 9611)
Compiled highcharts.js  (4ms)  (pid 9611)
Compiled active_admin/lib/namespace.js  (91ms)  (pid 9611)
Compiled active_admin/components/jquery.aa.checkbox-toggler.js  (96ms)  (pid 9611)
Compiled active_admin/components/jquery.aa.dropdown-menu.js  (107ms)  (pid 9611)
Compiled active_admin/components/jquery.aa.popover.js  (100ms)  (pid 9611)
Compiled active_admin/components/jquery.aa.table-checkbox-toggler.js  (75ms)  (pid 9611)
Compiled active_admin/pages/application.js  (69ms)  (pid 9611)
Compiled active_admin/pages/batch_actions.js  (72ms)  (pid 9611)
Compiled active_admin/application.js  (785ms)  (pid 9611)
Compiled active_admin/base.js  (800ms)  (pid 9611)
Compiled active_admin.js  (811ms)  (pid 9611)
Compiled application.js  (1092ms)  (pid 9611)
Compiled active_admin.css  (2496ms)  (pid 9611)
Compiled bootstrap_and_override.css  (3648ms)  (pid 9611)
Compiled application.css  (6245ms)  (pid 9611)
Compiled jquery.js  (2ms)  (pid 28754)
Compiled jquery_ujs.js  (0ms)  (pid 28754)
Compiled jquery-ui.js  (13ms)  (pid 28754)
Compiled bootstrap-transition.js  (0ms)  (pid 28754)
Compiled bootstrap-affix.js  (0ms)  (pid 28754)
Compiled bootstrap-alert.js  (0ms)  (pid 28754)
Compiled bootstrap-button.js  (0ms)  (pid 28754)
Compiled bootstrap-carousel.js  (0ms)  (pid 28754)
Compiled bootstrap-collapse.js  (0ms)  (pid 28754)
Compiled bootstrap-dropdown.js  (0ms)  (pid 28754)
Compiled bootstrap-modal.js  (0ms)  (pid 28754)
Compiled bootstrap-scrollspy.js  (0ms)  (pid 28754)
Compiled bootstrap-tab.js  (0ms)  (pid 28754)
Compiled bootstrap-tooltip.js  (0ms)  (pid 28754)
Compiled bootstrap-popover.js  (0ms)  (pid 28754)
Compiled bootstrap-typeahead.js  (0ms)  (pid 28754)
Compiled bootstrap.js  (219ms)  (pid 28754)
Compiled jquery_nested_form.js  (0ms)  (pid 28754)
Compiled highcharts.js  (3ms)  (pid 28754)
Compiled active_admin/lib/namespace.js  (92ms)  (pid 28754)
Compiled active_admin/components/jquery.aa.checkbox-toggler.js  (38ms)  (pid 28754)
Compiled active_admin/components/jquery.aa.dropdown-menu.js  (38ms)  (pid 28754)
Compiled active_admin/components/jquery.aa.popover.js  (15ms)  (pid 28754)
Compiled active_admin/components/jquery.aa.table-checkbox-toggler.js  (8ms)  (pid 28754)
Compiled active_admin/pages/application.js  (3ms)  (pid 28754)
Compiled active_admin/pages/batch_actions.js  (4ms)  (pid 28754)
Compiled active_admin/application.js  (340ms)  (pid 28754)
Compiled active_admin/base.js  (367ms)  (pid 28754)
Compiled active_admin.js  (389ms)  (pid 28754)
Compiled application.js  (947ms)  (pid 28754)
Compiled active_admin.css  (3007ms)  (pid 28754)
Compiled bootstrap_and_override.css  (3541ms)  (pid 28754)
Compiled application.css  (6679ms)  (pid 28754)
Compiled jquery.js  (2ms)  (pid 28754)
Compiled jquery_ujs.js  (0ms)  (pid 28754)
Compiled jquery-ui.js  (13ms)  (pid 28754)
Compiled bootstrap-transition.js  (0ms)  (pid 28754)
Compiled bootstrap-affix.js  (0ms)  (pid 28754)
Compiled bootstrap-alert.js  (0ms)  (pid 28754)
Compiled bootstrap-button.js  (0ms)  (pid 28754)
Compiled bootstrap-carousel.js  (0ms)  (pid 28754)
Compiled bootstrap-collapse.js  (0ms)  (pid 28754)
Compiled bootstrap-dropdown.js  (0ms)  (pid 28754)
Compiled bootstrap-modal.js  (0ms)  (pid 28754)
Compiled bootstrap-scrollspy.js  (0ms)  (pid 28754)
Compiled bootstrap-tab.js  (0ms)  (pid 28754)
Compiled bootstrap-tooltip.js  (0ms)  (pid 28754)
Compiled bootstrap-popover.js  (0ms)  (pid 28754)
Compiled bootstrap-typeahead.js  (0ms)  (pid 28754)
Compiled bootstrap.js  (178ms)  (pid 28754)
Compiled jquery_nested_form.js  (0ms)  (pid 28754)
Compiled highcharts.js  (3ms)  (pid 28754)
Compiled active_admin/lib/namespace.js  (51ms)  (pid 28754)
Compiled active_admin/components/jquery.aa.checkbox-toggler.js  (33ms)  (pid 28754)
Compiled active_admin/components/jquery.aa.dropdown-menu.js  (41ms)  (pid 28754)
Compiled active_admin/components/jquery.aa.popover.js  (14ms)  (pid 28754)
Compiled active_admin/components/jquery.aa.table-checkbox-toggler.js  (7ms)  (pid 28754)
Compiled active_admin/pages/application.js  (4ms)  (pid 28754)
Compiled active_admin/pages/batch_actions.js  (4ms)  (pid 28754)
Compiled active_admin/application.js  (245ms)  (pid 28754)
Compiled active_admin/base.js  (260ms)  (pid 28754)
Compiled active_admin.js  (270ms)  (pid 28754)
Compiled application.js  (569ms)  (pid 28754)
Compiled active_admin.css  (2490ms)  (pid 28754)
Compiled bootstrap_and_override.css  (3508ms)  (pid 28754)
Compiled application.css  (6035ms)  (pid 28754)
Connecting to database specified by database.yml
Connecting to database specified by database.yml
Migrating to DeviseCreateUsers (20121229064738)
Migrating to AddNameToUsers (20121229065154)
Migrating to CreateProfiles (20121229121939)
Migrating to CreatePesees (20121229161418)
Migrating to AddColumnsToUsers (20121230135743)
Migrating to CreateRepas (20130101125932)
Migrating to CreateIngredients (20130102083703)
Migrating to CreateAliments (20130102084027)
Migrating to CreateUnites (20130102084057)
Migrating to CreateAdminNotes (20130102122904)
Migrating to MoveAdminNotesToComments (20130102122905)
Migrating to CreateCategoryActivites (20130102174835)
Migrating to CreateActivites (20130102180038)
Migrating to AddComportementToProfile (20130104084604)
Migrating to CreateTargets (20130106044748)
Migrating to AddMorphologieToProfile (20130107115841)
Connecting to database specified by database.yml
